<?xml version="1.0" encoding="UTF-8"?><testrun name="TestRunner" project="Automation" tests="3" started="3" failures="0" errors="2" ignored="2">
  <testsuite name="cucumberoption.TestRunner" time="0.219">
    <testsuite name="Feature: Search and Place order for Veg" time="0.219">
      <testsuite name="Scenario: Search for items and Validate results" time="0.0" incomplete="true">
        <error>java.lang.IllegalStateException: The driver executable does not exist: C:\Users\mthma\chromedriver&#13;
	at com.google.common.base.Preconditions.checkState(Preconditions.java:585)&#13;
	at org.openqa.selenium.remote.service.DriverService.checkExecutable(DriverService.java:146)&#13;
	at org.openqa.selenium.remote.service.DriverService.findExecutable(DriverService.java:141)&#13;
	at org.openqa.selenium.chrome.ChromeDriverService.access$000(ChromeDriverService.java:35)&#13;
	at org.openqa.selenium.chrome.ChromeDriverService$Builder.findDefaultExecutable(ChromeDriverService.java:159)&#13;
	at org.openqa.selenium.remote.service.DriverService$Builder.build(DriverService.java:355)&#13;
	at org.openqa.selenium.chrome.ChromeDriverService.createDefaultService(ChromeDriverService.java:94)&#13;
	at org.openqa.selenium.chrome.ChromeDriver.&lt;init&gt;(ChromeDriver.java:123)&#13;
	at stepDefinations.Search.user_is_on_greencart_landpage(Search.java:22)&#13;
	at ✽.Given user is on Greencart landpage(Search.feature:4)&#13;
&#13;
</error>
        <testcase name="Given user is on Greencart landpage" classname="Scenario: Search for items and Validate results" time="0.0">
          <error>java.lang.IllegalStateException: The driver executable does not exist: C:\Users\mthma\chromedriver&#13;
	at com.google.common.base.Preconditions.checkState(Preconditions.java:585)&#13;
	at org.openqa.selenium.remote.service.DriverService.checkExecutable(DriverService.java:146)&#13;
	at org.openqa.selenium.remote.service.DriverService.findExecutable(DriverService.java:141)&#13;
	at org.openqa.selenium.chrome.ChromeDriverService.access$000(ChromeDriverService.java:35)&#13;
	at org.openqa.selenium.chrome.ChromeDriverService$Builder.findDefaultExecutable(ChromeDriverService.java:159)&#13;
	at org.openqa.selenium.remote.service.DriverService$Builder.build(DriverService.java:355)&#13;
	at org.openqa.selenium.chrome.ChromeDriverService.createDefaultService(ChromeDriverService.java:94)&#13;
	at org.openqa.selenium.chrome.ChromeDriver.&lt;init&gt;(ChromeDriver.java:123)&#13;
	at stepDefinations.Search.user_is_on_greencart_landpage(Search.java:22)&#13;
	at ✽.Given user is on Greencart landpage(Search.feature:4)&#13;
&#13;
</error>
        </testcase>
        <testcase name="When user serach for &quot;Cucumber&quot; Veg" classname="Scenario: Search for items and Validate results" time="0.0" ignored="true"/>
        <testcase name="Then &quot;Cucumber&quot; results are displayed" classname="Scenario: Search for items and Validate results" time="0.219" ignored="true"/>
      </testsuite>
    </testsuite>
  </testsuite>
</testrun>
